2019-03-15 6:17:37 - PHP Warning:  mysqli::__construct(): (HY000/1045): Access denied for user 'root'@'localhost' (using password: YES) in C:\xampp\htdocs\store\system\library\db\mysqli.php on line 7
2019-03-15 6:17:37 - PHP Warning:  DB\MySQLi::__construct(): Couldn't fetch mysqli in C:\xampp\htdocs\store\system\library\db\mysqli.php on line 10
2019-03-15 6:17:37 - PHP Warning:  DB\MySQLi::__construct(): Couldn't fetch mysqli in C:\xampp\htdocs\store\system\library\db\mysqli.php on line 10
2019-03-15 6:17:37 - PHP Notice:  Undefined variable: mysql in C:\xampp\htdocs\store\install\controller\install\step_3.php on line 280
2019-03-15 6:17:37 - PHP Notice:  Trying to get property 'connect_error' of non-object in C:\xampp\htdocs\store\install\controller\install\step_3.php on line 280
2019-03-15 6:18:25 - PHP Warning:  mysqli::__construct(): (HY000/1049): Unknown database '1qaz2wsx' in C:\xampp\htdocs\store\system\library\db\mysqli.php on line 7
2019-03-15 6:18:25 - PHP Warning:  DB\MySQLi::__construct(): Couldn't fetch mysqli in C:\xampp\htdocs\store\system\library\db\mysqli.php on line 10
2019-03-15 6:18:25 - PHP Warning:  DB\MySQLi::__construct(): Couldn't fetch mysqli in C:\xampp\htdocs\store\system\library\db\mysqli.php on line 10
2019-03-15 6:18:25 - PHP Notice:  Undefined variable: mysql in C:\xampp\htdocs\store\install\controller\install\step_3.php on line 280
2019-03-15 6:18:25 - PHP Notice:  Trying to get property 'connect_error' of non-object in C:\xampp\htdocs\store\install\controller\install\step_3.php on line 280
2019-03-15 6:19:23 - PHP Warning:  mysqli::__construct(): (HY000/1045): Access denied for user 'root'@'localhost' (using password: YES) in C:\xampp\htdocs\store\system\library\db\mysqli.php on line 7
2019-03-15 6:19:23 - PHP Warning:  DB\MySQLi::__construct(): Couldn't fetch mysqli in C:\xampp\htdocs\store\system\library\db\mysqli.php on line 10
2019-03-15 6:19:23 - PHP Warning:  DB\MySQLi::__construct(): Couldn't fetch mysqli in C:\xampp\htdocs\store\system\library\db\mysqli.php on line 10
2019-03-15 6:19:23 - PHP Notice:  Undefined variable: mysql in C:\xampp\htdocs\store\install\controller\install\step_3.php on line 280
2019-03-15 6:19:23 - PHP Notice:  Trying to get property 'connect_error' of non-object in C:\xampp\htdocs\store\install\controller\install\step_3.php on line 280
2019-03-15 6:35:02 - PHP Warning:  mysqli::__construct(): (HY000/2002): No connection could be made because the target machine actively refused it.
 in C:\xampp\htdocs\store\system\library\db\mysqli.php on line 7
2019-03-15 6:35:02 - PHP Warning:  DB\MySQLi::__construct(): Couldn't fetch mysqli in C:\xampp\htdocs\store\system\library\db\mysqli.php on line 10
2019-03-15 6:35:02 - PHP Warning:  DB\MySQLi::__construct(): Couldn't fetch mysqli in C:\xampp\htdocs\store\system\library\db\mysqli.php on line 10
2019-03-15 6:35:08 - PHP Warning:  mysqli::__construct(): (HY000/2002): No connection could be made because the target machine actively refused it.
 in C:\xampp\htdocs\store\system\library\db\mysqli.php on line 7
2019-03-15 6:35:08 - PHP Warning:  DB\MySQLi::__construct(): Couldn't fetch mysqli in C:\xampp\htdocs\store\system\library\db\mysqli.php on line 10
2019-03-15 6:35:08 - PHP Warning:  DB\MySQLi::__construct(): Couldn't fetch mysqli in C:\xampp\htdocs\store\system\library\db\mysqli.php on line 10
2019-03-15 6:35:14 - PHP Warning:  mysqli::__construct(): (HY000/2002): No connection could be made because the target machine actively refused it.
 in C:\xampp\htdocs\store\system\library\db\mysqli.php on line 7
2019-03-15 6:35:14 - PHP Warning:  DB\MySQLi::__construct(): Couldn't fetch mysqli in C:\xampp\htdocs\store\system\library\db\mysqli.php on line 10
2019-03-15 6:35:14 - PHP Warning:  DB\MySQLi::__construct(): Couldn't fetch mysqli in C:\xampp\htdocs\store\system\library\db\mysqli.php on line 10
